<?xml version="1.0" encoding="UTF-8"?>
<!-- Generated by org.testng.reporters.JUnitReportReporter -->
<testsuite skipped="2" hostname="DESKTOP-IMBF9OD" name="Testclass.annotations" tests="5" failures="0" timestamp="04 Jun 2017 15:19:41 GMT" time="0.015" errors="0">
  <testcase name="loginTest" time="0.010" classname="Testclass.annotations"/>
  <testcase name="changepassword" time="0.002" classname="Testclass.annotations"/>
  <testcase name="logoutTest" time="0.001" classname="Testclass.annotations"/>
  <testcase name="skiptest" time="0.002" classname="Testclass.annotations">
    <skipped/>
  </testcase> <!-- skiptest -->
  <testcase name="disableTest" classname="Testclass.annotations">
    <skipped/>
  </testcase> <!-- disableTest -->
</testsuite> <!-- Testclass.annotations -->
