<?xml version="1.0" encoding="UTF-8"?>
<!-- Generated by org.testng.reporters.JUnitReportReporter -->
<testsuite skipped="1" hostname="DESKTOP-IMBF9OD" name="Testclass.AnnotationTest" tests="5" failures="0" timestamp="04 Jun 2017 16:12:32 GMT" time="0.013" errors="0">
  <testcase name="loginTest" time="0.007" classname="Testclass.AnnotationTest"/>
  <testcase name="changepassword" time="0.003" classname="Testclass.AnnotationTest"/>
  <testcase name="logoutTest" time="0.002" classname="Testclass.AnnotationTest"/>
  <testcase name="skiptest" time="0.001" classname="Testclass.AnnotationTest"/>
  <testcase name="disableTest" classname="Testclass.AnnotationTest">
    <skipped/>
  </testcase> <!-- disableTest -->
</testsuite> <!-- Testclass.AnnotationTest -->
