<?xml version="1.0" encoding="UTF-8"?>
<!-- Generated by org.testng.reporters.JUnitReportReporter -->
<testsuite hostname="DESKTOP-IMBF9OD" name="Testclass.AnnotationTest" tests="4" failures="0" timestamp="23 Jul 2017 16:50:06 GMT" time="0.002" errors="0">
  <testcase name="logoutTest" time="0.001" classname="Testclass.AnnotationTest"/>
  <testcase name="loginTest" time="0.001" classname="Testclass.AnnotationTest"/>
  <testcase name="skiptest" time="0.000" classname="Testclass.AnnotationTest"/>
  <testcase name="changepassword" time="0.000" classname="Testclass.AnnotationTest"/>
</testsuite> <!-- Testclass.AnnotationTest -->
